[0m10:29:54.887448 [debug] [MainThread]: Sending event: {'category': 'dbt', 'action': 'invocation', 'label': 'start', 'context': [<snowplow_tracker.self_describing_json.SelfDescribingJson object at 0x104866f70>, <snowplow_tracker.self_describing_json.SelfDescribingJson object at 0x1063ea940>, <snowplow_tracker.self_describing_json.SelfDescribingJson object at 0x1063ea910>]}


============================== 10:29:54.898438 | 4a241328-3bfe-4ed8-82f8-c3a240bb11c7 ==============================
[0m10:29:54.898438 [info ] [MainThread]: Running with dbt=1.5.2
[0m10:29:54.898871 [debug] [MainThread]: running dbt with arguments {'printer_width': '80', 'indirect_selection': 'eager', 'write_json': 'True', 'log_cache_events': 'False', 'partial_parse': 'True', 'cache_selected_only': 'False', 'warn_error': 'None', 'fail_fast': 'False', 'debug': 'False', 'log_path': 'logs', 'version_check': 'True', 'profiles_dir': '/Users/bryantpopsql/.dbt', 'use_colors': 'True', 'use_experimental_parser': 'False', 'no_print': 'None', 'quiet': 'False', 'warn_error_options': 'WarnErrorOptions(include=[], exclude=[])', 'static_parser': 'True', 'log_format': 'default', 'introspect': 'True', 'target_path': 'None', 'send_anonymous_usage_stats': 'True'}
[0m10:29:54.899198 [warn ] [MainThread]: [ConfigFolderDirectory]: Unable to parse dict {'dir': PosixPath('/Users/bryantpopsql/.dbt')}
[0m10:29:54.899429 [info ] [MainThread]: Creating dbt configuration folder at 
[0m10:29:54.900166 [debug] [MainThread]: Starter project path: /opt/homebrew/Cellar/dbt-postgres/1.5.2/libexec/lib/python3.9/site-packages/dbt/include/starter_project
[0m10:30:01.099403 [info ] [MainThread]: Profile test_shop written to /Users/bryantpopsql/.dbt/profiles.yml using target's sample configuration. Once updated, you'll be able to start developing with dbt.
[0m10:30:01.099858 [info ] [MainThread]: 
Your new dbt project "test_shop" was created!

For more information on how to configure the profiles.yml file,
please consult the dbt documentation here:

  https://docs.getdbt.com/docs/configure-your-profile

One more thing:

Need help? Don't hesitate to reach out to us via GitHub issues or on Slack:

  https://community.getdbt.com/

Happy modeling!

[0m10:30:01.100335 [debug] [MainThread]: Command `dbt init` succeeded at 10:30:01.100263 after 6.22 seconds
[0m10:30:01.100551 [debug] [MainThread]: Sending event: {'category': 'dbt', 'action': 'invocation', 'label': 'end', 'context': [<snowplow_tracker.self_describing_json.SelfDescribingJson object at 0x104866f70>, <snowplow_tracker.self_describing_json.SelfDescribingJson object at 0x106363a00>, <snowplow_tracker.self_describing_json.SelfDescribingJson object at 0x1065a5580>]}
[0m10:30:01.100786 [debug] [MainThread]: Flushing usage events
